<?xml version="1.0" encoding="UTF-8"?>
<!-- Generated by org.testng.reporters.JUnitXMLReporter -->
<testsuite hostname="INSODYY48S2" ignored="0" name="Default test" tests="2" failures="0" timestamp="17 Jun 2019 11:46:05 GMT" time="31.62" errors="0">
  <testcase name="loginTest" time="29.927" classname="com.qa.rediff2019.testcases.LoginTest"/>
  <testcase name="loginTest" time="0.0" classname="com.qa.rediff2019.testcases.LoginTest">
    <skipped/>
  </testcase> <!-- loginTest -->
</testsuite> <!-- Default test -->
