<?xml version="1.0" encoding="UTF-8"?>
<!-- Generated by org.testng.reporters.JUnitXMLReporter -->
<testsuite hostname="INSODYY48S2" ignored="0" name="COMIdTest" tests="2" failures="0" timestamp="17 Jun 2019 12:02:52 GMT" time="85.653" errors="0">
  <testcase name="loginTest" time="83.964" classname="com.qa.rediff2019.testcases.LoginTest"/>
  <testcase name="loginTest" time="0.0" classname="com.qa.rediff2019.testcases.LoginTest">
    <skipped/>
  </testcase> <!-- loginTest -->
</testsuite> <!-- COMIdTest -->
