<?xml version="1.0" encoding="UTF-8"?>
<testng-results skipped="1" failed="0" ignored="0" total="2" passed="1">
  <reporter-output>
  </reporter-output>
  <suite name="SuiteName" duration-ms="85653" started-at="2019-06-17T12:01:26Z" finished-at="2019-06-17T12:02:51Z">
    <groups>
    </groups>
    <test name="COMIdTest" duration-ms="85653" started-at="2019-06-17T12:01:26Z" finished-at="2019-06-17T12:02:51Z">
      <class name="com.qa.rediff2019.testcases.LoginTest">
        <test-method status="PASS" signature="loginTest(java.util.Hashtable)[pri:0, instance:com.qa.rediff2019.testcases.LoginTest@15b204a1]" name="loginTest" duration-ms="83964" started-at="2019-06-17T12:01:26Z" data-provider="getData" finished-at="2019-06-17T12:02:50Z">
          <params>
            <param index="0">
              <value>
                <![CDATA[{Username=qtpworld2008@gmail.com, Password=learn123, Runmode=Y, Browser=Chrome}]]>
              </value>
            </param>
          </params>
          <reporter-output>
          </reporter-output>
        </test-method> <!-- loginTest -->
        <test-method status="PASS" signature="quit()[pri:0, instance:com.qa.rediff2019.testcases.LoginTest@15b204a1]" name="quit" is-config="true" duration-ms="1494" started-at="2019-06-17T12:02:50Z" finished-at="2019-06-17T12:02:51Z">
          <reporter-output>
          </reporter-output>
        </test-method> <!-- quit -->
        <test-method status="PASS" signature="quit()[pri:0, instance:com.qa.rediff2019.testcases.LoginTest@15b204a1]" name="quit" is-config="true" duration-ms="0" started-at="2019-06-17T12:02:51Z" finished-at="2019-06-17T12:02:51Z">
          <reporter-output>
          </reporter-output>
        </test-method> <!-- quit -->
        <test-method status="SKIP" signature="loginTest(java.util.Hashtable)[pri:0, instance:com.qa.rediff2019.testcases.LoginTest@15b204a1]" name="loginTest" duration-ms="0" started-at="2019-06-17T12:02:51Z" data-provider="getData" finished-at="2019-06-17T12:02:51Z">
          <params>
            <param index="0">
              <value>
                <![CDATA[{Username=xxxxxxx, Password=xxxxxx, Runmode=N, Browser=Mozilla}]]>
              </value>
            </param>
          </params>
          <exception class="org.testng.SkipException">
            <message>
              <![CDATA[Skipping the test as runmode is N]]>
            </message>
            <full-stacktrace>
              <![CDATA[org.testng.SkipException: Skipping the test as runmode is N
at com.qa.rediff2019.testcases.LoginTest.loginTest(LoginTest.java:31)
at sun.reflect.NativeMethodAccessorImpl.invoke0(Native Method)
at sun.reflect.NativeMethodAccessorImpl.invoke(NativeMethodAccessorImpl.java:62)
at sun.reflect.DelegatingMethodAccessorImpl.invoke(DelegatingMethodAccessorImpl.java:43)
at java.lang.reflect.Method.invoke(Method.java:498)
at org.testng.internal.MethodInvocationHelper.invokeMethod(MethodInvocationHelper.java:124)
at org.testng.internal.Invoker.invokeMethod(Invoker.java:580)
at org.testng.internal.Invoker.invokeTestMethod(Invoker.java:716)
at org.testng.internal.Invoker.invokeTestMethods(Invoker.java:988)
at org.testng.internal.TestMethodWorker.invokeTestMethods(TestMethodWorker.java:125)
at org.testng.internal.TestMethodWorker.run(TestMethodWorker.java:109)
at org.testng.TestRunner.privateRun(TestRunner.java:648)
at org.testng.TestRunner.run(TestRunner.java:505)
at org.testng.SuiteRunner.runTest(SuiteRunner.java:455)
at org.testng.SuiteRunner.runSequentially(SuiteRunner.java:450)
at org.testng.SuiteRunner.privateRun(SuiteRunner.java:415)
at org.testng.SuiteRunner.run(SuiteRunner.java:364)
at org.testng.SuiteRunnerWorker.runSuite(SuiteRunnerWorker.java:52)
at org.testng.SuiteRunnerWorker.run(SuiteRunnerWorker.java:84)
at org.testng.TestNG.runSuitesSequentially(TestNG.java:1208)
at org.testng.TestNG.runSuitesLocally(TestNG.java:1137)
at org.testng.TestNG.runSuites(TestNG.java:1049)
at org.testng.TestNG.run(TestNG.java:1017)
at org.testng.TestNG.privateMain(TestNG.java:1354)
at org.testng.TestNG.main(TestNG.java:1323)
]]>
            </full-stacktrace>
          </exception> <!-- org.testng.SkipException -->
          <reporter-output>
          </reporter-output>
        </test-method> <!-- loginTest -->
      </class> <!-- com.qa.rediff2019.testcases.LoginTest -->
    </test> <!-- COMIdTest -->
  </suite> <!-- SuiteName -->
</testng-results>
